
> @tool-box/core@1.0.0 build /Users/laojiawei/0_Data/1_workPlace/0_my/toolBox-js/packages/core
> tsup

[34mCLI[39m Building entry: src/index.ts
[34mCLI[39m Using tsconfig: tsconfig.json
[34mCLI[39m tsup v8.5.1
[34mCLI[39m Using tsup config: /Users/laojiawei/0_Data/1_workPlace/0_my/toolBox-js/packages/core/tsup.config.ts
[34mCLI[39m Target: es2022
[34mCLI[39m Cleaning output folder
[34mESM[39m Build start
[34mCJS[39m Build start

[90m[[90m1:38:22 PM[90m][39m [43m[30m WARN [39m[49m [33m▲ [43;33m[[43;30mWARNING[43;33m][0m [1mUsing direct eval with a bundler is not recommended and may cause problems[0m [direct-eval]

    src/browser/cookie.ts:12:33:
[37m      12 │   return document.cookie.replace([32meval[37m(str), "$1");
         ╵                                  [32m~~~~[0m

  You can read more about direct eval and bundling here: [4mhttps://esbuild.github.io/link/direct-eval[0m




[90m[[90m1:38:22 PM[90m][39m [43m[30m WARN [39m[49m [33m▲ [43;33m[[43;30mWARNING[43;33m][0m [1mUsing direct eval with a bundler is not recommended and may cause problems[0m [direct-eval]

    src/string/strIsReg.ts:7:11:
[37m      7 │     return [32meval[37m(str) instanceof RegExp;
        ╵            [32m~~~~[0m

  You can read more about direct eval and bundling here: [4mhttps://esbuild.github.io/link/direct-eval[0m




[90m[[90m1:38:22 PM[90m][39m [43m[30m WARN [39m[49m [33m▲ [43;33m[[43;30mWARNING[43;33m][0m [1mUsing direct eval with a bundler is not recommended and may cause problems[0m [direct-eval]

    src/string/strToReg.ts:9:11:
[37m      9 │     return [32meval[37m(str);
        ╵            [32m~~~~[0m

  You can read more about direct eval and bundling here: [4mhttps://esbuild.github.io/link/direct-eval[0m




[90m[[90m1:38:22 PM[90m][39m [43m[30m WARN [39m[49m [33m▲ [43;33m[[43;30mWARNING[43;33m][0m [1mUsing direct eval with a bundler is not recommended and may cause problems[0m [direct-eval]

    src/browser/cookie.ts:12:33:
[37m      12 │   return document.cookie.replace([32meval[37m(str), "$1");
         ╵                                  [32m~~~~[0m

  You can read more about direct eval and bundling here: [4mhttps://esbuild.github.io/link/direct-eval[0m




[90m[[90m1:38:22 PM[90m][39m [43m[30m WARN [39m[49m [33m▲ [43;33m[[43;30mWARNING[43;33m][0m [1mUsing direct eval with a bundler is not recommended and may cause problems[0m [direct-eval]

    src/string/strIsReg.ts:7:11:
[37m      7 │     return [32meval[37m(str) instanceof RegExp;
        ╵            [32m~~~~[0m

  You can read more about direct eval and bundling here: [4mhttps://esbuild.github.io/link/direct-eval[0m




[90m[[90m1:38:22 PM[90m][39m [43m[30m WARN [39m[49m [33m▲ [43;33m[[43;30mWARNING[43;33m][0m [1mUsing direct eval with a bundler is not recommended and may cause problems[0m [direct-eval]

    src/string/strToReg.ts:9:11:
[37m      9 │     return [32meval[37m(str);
        ╵            [32m~~~~[0m

  You can read more about direct eval and bundling here: [4mhttps://esbuild.github.io/link/direct-eval[0m



dist/index.cjs (1:1867): Use of eval in "dist/index.cjs" is strongly discouraged as it poses security risks and may cause issues with minification.
dist/index.cjs (1:1954): Use of eval in "dist/index.cjs" is strongly discouraged as it poses security risks and may cause issues with minification.
dist/index.cjs (1:2285): Use of eval in "dist/index.cjs" is strongly discouraged as it poses security risks and may cause issues with minification.
dist/index.js (1:1867): Use of eval in "dist/index.js" is strongly discouraged as it poses security risks and may cause issues with minification.
dist/index.js (1:1954): Use of eval in "dist/index.js" is strongly discouraged as it poses security risks and may cause issues with minification.
dist/index.js (1:2285): Use of eval in "dist/index.js" is strongly discouraged as it poses security risks and may cause issues with minification.
[32mCJS[39m [1mdist/index.cjs     [22m[32m7.19 KB[39m
[32mCJS[39m [1mdist/index.cjs.map [22m[32m35.67 KB[39m
[32mCJS[39m ⚡️ Build success in 139ms
[32mESM[39m [1mdist/index.js     [22m[32m6.99 KB[39m
[32mESM[39m [1mdist/index.js.map [22m[32m35.67 KB[39m
[32mESM[39m ⚡️ Build success in 140ms
DTS Build start
DTS ⚡️ Build success in 601ms
DTS dist/index.d.ts  7.76 KB
DTS dist/index.d.cts 7.76 KB
